<?xml version="1.0" encoding="UTF-8"?>
<!-- Generated by org.testng.reporters.JUnitReportReporter -->
<testsuite skipped="0" hostname="Manoj" name="afia.PageTest.LoginPageTest" tests="1" failures="0" timestamp="2020-12-02T19:08:44 IST" time="6.770" errors="0">
  <testcase name="Login" time="6.770" classname="afia.PageTest.LoginPageTest"/>
  <system-out/>
</testsuite> <!-- afia.PageTest.LoginPageTest -->
