<?xml version="1.0" encoding="UTF-8"?>
<!-- Generated by org.testng.reporters.JUnitReportReporter -->
<testsuite skipped="0" hostname="Manoj" name="afia.PageTest.QuotePageTest" tests="2" failures="0" timestamp="2020-12-02T19:08:44 IST" time="17.656" errors="0">
  <testcase name="VehicleDetails" time="10.774" classname="afia.PageTest.QuotePageTest"/>
  <system-out/>
  <testcase name="CustomerDetails" time="6.882" classname="afia.PageTest.QuotePageTest"/>
  <system-out/>
</testsuite> <!-- afia.PageTest.QuotePageTest -->
