<?xml version="1.0" encoding="UTF-8"?>
<!-- Generated by org.testng.reporters.JUnitReportReporter -->
<testsuite skipped="0" hostname="Manoj" name="afia.PageTest.InsurerPageTest" tests="1" failures="0" timestamp="2020-12-02T19:08:44 IST" time="11.325" errors="0">
  <testcase name="InsurerTest" time="11.325" classname="afia.PageTest.InsurerPageTest"/>
  <system-out/>
</testsuite> <!-- afia.PageTest.InsurerPageTest -->
