<?xml version="1.0" encoding="UTF-8"?>
<!-- Generated by org.testng.reporters.JUnitReportReporter -->
<testsuite skipped="0" hostname="Manoj" name="afia.PageTest.RSA_TEST" tests="1" failures="0" timestamp="2020-12-02T19:08:44 IST" time="17.216" errors="0">
  <testcase name="RSA_Insurance_Generation" time="17.216" classname="afia.PageTest.RSA_TEST"/>
  <system-out/>
</testsuite> <!-- afia.PageTest.RSA_TEST -->
