<?xml version="1.0" encoding="UTF-8"?>
<!-- Generated by org.testng.reporters.JUnitReportReporter -->
<testsuite skipped="0" hostname="Manoj" name="afia.PageTest.HomePageTest" tests="1" failures="0" timestamp="2020-12-02T19:08:44 IST" time="3.180" errors="0">
  <testcase name="HomeTest" time="3.180" classname="afia.PageTest.HomePageTest"/>
  <system-out/>
</testsuite> <!-- afia.PageTest.HomePageTest -->
