<?xml version="1.0" encoding="UTF-8"?>
<!-- Generated by org.testng.reporters.JUnitReportReporter -->
<testsuite skipped="0" hostname="Manoj" name="afia.PageTest.HomePageTest" tests="2" failures="0" timestamp="2020-11-24T19:14:41 IST" time="0.320" errors="0">
  <testcase name="HomeTest" time="0.160" classname="afia.PageTest.HomePageTest"/>
  <system-out/>
  <testcase name="HomeTest" time="0.160" classname="afia.PageTest.HomePageTest"/>
  <system-out/>
</testsuite> <!-- afia.PageTest.HomePageTest -->
