<?xml version="1.0" encoding="UTF-8"?>
<!-- Generated by org.testng.reporters.JUnitReportReporter -->
<testsuite skipped="0" hostname="Manoj" name="afia.PageTest.RSA_TEST" tests="2" failures="0" timestamp="2020-11-24T19:14:41 IST" time="24.473" errors="0">
  <testcase name="RSA_Insurance" time="16.645" classname="afia.PageTest.RSA_TEST"/>
  <system-out/>
  <testcase name="RSA_Insurance" time="7.828" classname="afia.PageTest.RSA_TEST"/>
  <system-out/>
</testsuite> <!-- afia.PageTest.RSA_TEST -->
