<?xml version="1.0" encoding="UTF-8"?>
<!-- Generated by org.testng.reporters.JUnitReportReporter -->
<testsuite skipped="0" hostname="Manoj" name="afia.PageTest.InsurerPageTest" tests="2" failures="0" timestamp="2020-11-24T19:14:41 IST" time="10.357" errors="0">
  <testcase name="Insurer" time="5.178" classname="afia.PageTest.InsurerPageTest"/>
  <system-out/>
  <testcase name="Insurer" time="5.179" classname="afia.PageTest.InsurerPageTest"/>
  <system-out/>
</testsuite> <!-- afia.PageTest.InsurerPageTest -->
