<?xml version="1.0" encoding="UTF-8"?>
<!-- Generated by org.testng.reporters.JUnitReportReporter -->
<testsuite skipped="0" hostname="Manoj" name="afia.PageTest.LoginPageTest" tests="2" failures="0" timestamp="2020-11-24T19:14:41 IST" time="13.688" errors="0">
  <testcase name="Verify" time="7.359" classname="afia.PageTest.LoginPageTest"/>
  <system-out/>
  <testcase name="Verify" time="6.329" classname="afia.PageTest.LoginPageTest"/>
  <system-out/>
</testsuite> <!-- afia.PageTest.LoginPageTest -->
