<?xml version="1.0" encoding="UTF-8"?>
<!-- Generated by org.testng.reporters.JUnitReportReporter -->
<testsuite skipped="0" hostname="Manoj" name="afia.PageTest.QuotePageTest" tests="4" failures="0" timestamp="2020-11-24T19:14:41 IST" time="28.696" errors="0">
  <testcase name="Quotes" time="6.974" classname="afia.PageTest.QuotePageTest"/>
  <system-out/>
  <testcase name="VQuotes" time="7.587" classname="afia.PageTest.QuotePageTest"/>
  <system-out/>
  <testcase name="VQuotes" time="7.563" classname="afia.PageTest.QuotePageTest"/>
  <system-out/>
  <testcase name="Quotes" time="6.572" classname="afia.PageTest.QuotePageTest"/>
  <system-out/>
</testsuite> <!-- afia.PageTest.QuotePageTest -->
